[debug] [2025-07-28T16:19:07.668Z] ----------------------------------------------------------------------
[debug] [2025-07-28T16:19:07.670Z] Command:       /nix/store/ws50yvm6vzlzf7jzz6n7xh4szddrack1-nodejs-20.19.1/bin/node /nix/store/gv0i9ndcpzjpfi2yr06402kzy90q51ki-firebase-tools-14.10.1/lib/node_modules/firebase-tools/lib/bin/firebase.js init functions
[debug] [2025-07-28T16:19:07.671Z] CLI Version:   14.10.1
[debug] [2025-07-28T16:19:07.671Z] Platform:      linux
[debug] [2025-07-28T16:19:07.672Z] Node Version:  v20.19.1
[debug] [2025-07-28T16:19:07.672Z] Time:          Mon Jul 28 2025 16:19:07 GMT+0000 (Coordinated Universal Time)
[debug] [2025-07-28T16:19:07.672Z] ----------------------------------------------------------------------
[debug] 
[debug] [2025-07-28T16:19:07.675Z] >>> [apiv2][query] GET https://firebase-public.firebaseio.com/cli.json [none]
[debug] [2025-07-28T16:19:07.713Z] > command requires scopes: ["email","openid","https://www.googleapis.com/auth/cloudplatformprojects.readonly","https://www.googleapis.com/auth/firebase","https://www.googleapis.com/auth/cloud-platform"]
[debug] [2025-07-28T16:19:08.784Z] <<< [apiv2][status] GET https://firebase-public.firebaseio.com/cli.json 200
[debug] [2025-07-28T16:19:08.785Z] <<< [apiv2][body] GET https://firebase-public.firebaseio.com/cli.json {"cloudBuildErrorAfter":1594252800000,"cloudBuildWarnAfter":1590019200000,"defaultNode10After":1594252800000,"minVersion":"3.0.5","node8DeploysDisabledAfter":1613390400000,"node8RuntimeDisabledAfter":1615809600000,"node8WarnAfter":1600128000000}
[debug] [2025-07-28T16:19:32.873Z] Running auto auth
[info] 
     ######## #### ########  ######## ########     ###     ######  ########
     ##        ##  ##     ## ##       ##     ##  ##   ##  ##       ##
     ######    ##  ########  ######   ########  #########  ######  ######
     ##        ##  ##    ##  ##       ##     ## ##     ##       ## ##
     ##       #### ##     ## ######## ########  ##     ##  ######  ########

You're about to initialize a Firebase project in this directory:

  /home/user/gamify-learning

[info] 
=== Project Setup
[info] 
[info] First, let's associate this project directory with a Firebase project.
[info] You can create multiple project aliases by running firebase use --add, 
[info] but for now we'll just set up a default project.
[info] 
